1 | 0.521432 
2 | 0.458594 
4 | 0.457377 
8 | 0.458323 
16 | 0.455453 
32 | 0.553467 
64 | 0.560591 
128 | 0.786691 
256 | 0.756580 
512 | 0.988776 
1024 | 1.020852 
2048 | 1.386671 
4096 | 1.959590 
JobId=32536576 JobName=HW3-NON-BLOCKING-SAME
   UserId=kamalida(6064145) GroupId=CMSE822_SS24_S001(2887) MCS_label=N/A
   Priority=59262 Nice=0 Account=general QOS=kamalida
   JobState=RUNNING Reason=None Dependency=(null)
   Requeue=1 Restarts=0 BatchFlag=1 Reboot=0 ExitCode=0:0
   RunTime=00:00:20 TimeLimit=00:01:00 TimeMin=N/A
   SubmitTime=2024-03-13T22:19:01 EligibleTime=2024-03-13T22:19:01
   AccrueTime=2024-03-13T22:19:01
   StartTime=2024-03-13T22:19:07 EndTime=2024-03-13T22:20:07 Deadline=N/A
   SuspendTime=None SecsPreSuspend=0 LastSchedEval=2024-03-13T22:19:07 Scheduler=Main
   Partition=general-short AllocNode:Sid=dev-amd20:29977
   ReqNodeList=(null) ExcNodeList=(null)
   NodeList=amr-147
   BatchHost=amr-147
   NumNodes=1 NumCPUs=128 NumTasks=2 CPUs/Task=1 ReqB:S:C:T=0:0:*:*
   ReqTRES=cpu=2,mem=2G,node=1,billing=311
   AllocTRES=cpu=128,mem=2G,node=1,billing=311
   Socks/Node=* NtasksPerN:B:S:C=2:0:*:* CoreSpec=*
   MinCPUsNode=2 MinMemoryNode=2G MinTmpDiskNode=0
   Features=[intel14|intel16|intel18|(amr|acm)|nvf|nal|nif]&amd20 DelayBoot=00:00:00
   OverSubscribe=NO Contiguous=0 Licenses=(null) Network=(null)
   Command=/mnt/ufs18/home-261/kamalida/cmse822/project-3-mpi-p2p-team-10/part2-same.sb
   WorkDir=/mnt/ufs18/home-261/kamalida/cmse822/project-3-mpi-p2p-team-10
   Comment=stdout=/mnt/ufs18/home-261/kamalida/cmse822/project-3-mpi-p2p-team-10/slurm-32536576.out 
   StdErr=/mnt/ufs18/home-261/kamalida/cmse822/project-3-mpi-p2p-team-10/slurm-32536576.out
   StdIn=/dev/null
   StdOut=/mnt/ufs18/home-261/kamalida/cmse822/project-3-mpi-p2p-team-10/slurm-32536576.out
   Power=
   

