1 | 1.418986 
2 | 1.334250 
4 | 1.328755 
8 | 1.346414 
16 | 1.334340 
32 | 1.416732 
64 | 1.518625 
128 | 1.571480 
256 | 2.503779 
512 | 1.950207 
1024 | 2.071951 
2048 | 2.709664 
4096 | 3.308397 
JobId=32536579 JobName=HW3-NON-BLOCKING-DIFFER
   UserId=kamalida(6064145) GroupId=CMSE822_SS24_S001(2887) MCS_label=N/A
   Priority=59303 Nice=0 Account=general QOS=kamalida
   JobState=RUNNING Reason=None Dependency=(null)
   Requeue=1 Restarts=0 BatchFlag=1 Reboot=0 ExitCode=0:0
   RunTime=00:00:36 TimeLimit=00:01:00 TimeMin=N/A
   SubmitTime=2024-03-13T22:19:09 EligibleTime=2024-03-13T22:19:09
   AccrueTime=2024-03-13T22:19:09
   StartTime=2024-03-13T22:19:20 EndTime=2024-03-13T22:20:20 Deadline=N/A
   SuspendTime=None SecsPreSuspend=0 LastSchedEval=2024-03-13T22:19:20 Scheduler=Main
   Partition=general-short AllocNode:Sid=dev-amd20:29977
   ReqNodeList=(null) ExcNodeList=(null)
   NodeList=amr-[168-169]
   BatchHost=amr-168
   NumNodes=2 NumCPUs=256 NumTasks=2 CPUs/Task=1 ReqB:S:C:T=0:0:*:*
   ReqTRES=cpu=2,mem=4G,node=2,billing=622
   AllocTRES=cpu=256,mem=4G,node=2,billing=622
   Socks/Node=* NtasksPerN:B:S:C=1:0:*:* CoreSpec=*
   MinCPUsNode=1 MinMemoryNode=2G MinTmpDiskNode=0
   Features=[intel14|intel16|intel18|(amr|acm)|nvf|nal|nif]&amd20 DelayBoot=00:00:00
   OverSubscribe=NO Contiguous=0 Licenses=(null) Network=(null)
   Command=/mnt/ufs18/home-261/kamalida/cmse822/project-3-mpi-p2p-team-10/part2-differ.sb
   WorkDir=/mnt/ufs18/home-261/kamalida/cmse822/project-3-mpi-p2p-team-10
   Comment=stdout=/mnt/ufs18/home-261/kamalida/cmse822/project-3-mpi-p2p-team-10/slurm-32536579.out 
   StdErr=/mnt/ufs18/home-261/kamalida/cmse822/project-3-mpi-p2p-team-10/slurm-32536579.out
   StdIn=/dev/null
   StdOut=/mnt/ufs18/home-261/kamalida/cmse822/project-3-mpi-p2p-team-10/slurm-32536579.out
   Power=
   

